服务器已启动
/login.html
/login.js
/xiaof.png
/getData2
/getData2
服务器已启动
服务器已启动
服务器已启动
服务器已启动
服务器已启动
服务器已启动
服务器已启动
/
/favicon.ico
/login.html
/login.js
/xiaof.png
服务器已启动
/login.html
/login.js
/xiaof.png
服务器已启动
服务器已启动
服务器已启动
服务器已启动
服务器已启动
服务器已启动
服务器已启动
服务器已启动
服务器已启动
服务器已启动
服务器已启动
服务器已启动
服务器已启动
服务器已启动
服务器已启动
服务器已启动
服务器已启动
服务器已启动
服务器已启动
服务器已启动
服务器已启动
服务器已启动
服务器已启动
服务器已启动
服务器已启动
服务器已启动
服务器已启动
服务器已启动
服务器已启动
服务器已启动
服务器已启动
服务器已启动
服务器已启动
服务器已启动
服务器已启动
服务器已启动
服务器已启动
服务器已启动
服务器已启动
服务器已启动
服务器已启动
服务器已启动
服务器已启动
服务器已启动
服务器已启动
服务器已启动
服务器已启动
服务器已启动
服务器已启动
服务器已启动
服务器已启动
服务器已启动
服务器已启动
服务器已启动
服务器已启动
服务器已启动
服务器已启动
服务器已启动
服务器已启动
服务器已启动
服务器已启动
服务器已启动
服务器已启动
服务器已启动
服务器已启动
服务器已启动
服务器已启动
服务器已启动
服务器已启动
服务器已启动
服务器已启动
服务器已启动
服务器已启动
服务器已启动
服务器已启动
服务器已启动
服务器已启动
/login.html
/login.js
/login
/main.html
服务器已启动
/main.html
/login.html
/login.js
/login
服务器已启动
/login.html
/login.js
/login
/main.html
/login
/main.html
服务器已启动
/login
/main.html
/login.html
/login.js
/login
/login
/main.html
/login.html
/login.js
服务器已启动
/login.html
/login.js
/login
/error.html
/login.html
/login.js
服务器已启动
/login.html
/login.js
/login
/error.html
/login.html
/login.js
服务器已启动
/login.html
/login.js
/login
/login.html
/login.js
服务器已启动
/login.html
/login.js
/login
/login.html
/login.js
/login
/login
/login
/login
/login
/login.html
/login.js
服务器已启动
/login.html
/login.js
/login.html
/login.js
/mian.html
/main.html
/error.html
/login.html
/login.js
服务器已启动
/login.html
/login.js
/login
/error.html
/login
/main.html
服务器已启动
/main.html
/main.html
/login.html
/login.js
/login.html
/login.js
/login
/main.html
服务器已启动
/login.html
/login.js
/login.html
/login
/error.html
/login.html
/login.js
/login.html
服务器已启动
/login.html
/login.js
/main.html
/login.html
/login.js
/login
/main.html
/error.html
/main.html
服务器已启动
服务器已启动
服务器已启动
服务器已启动
服务器已启动
服务器已启动
/
/login.html
/login.js
/favicon.ico
/favicon.ico
/login
/login
/login.html
/login.js
/xiaof.png
/login
/login.html
/login.js
/xiaof.png
/login.html
/login.js
/xiaof.png
/login
/login
/login
/login.html
/login.js
/xiaof.png
/login
/login
服务器已启动
/login.html
/login.js
/xiaof.png
/login
/login
/login.html
/login.js
/xiaof.png
/login
服务器已启动
/login.html
/login.js
/xiaof.png
/login
服务器已启动
/login.html
/login.js
/xiaof.png
/login
/login
